Base path: C:/Program Files (x86)/Unity/Editor/Data
Pipe name: \\.\pipe\UnityShaderCompiler-4-100
Cmd: getPlatforms
Cmd: compileSnippet
  api=0 type=1 insize=956 outsize=143 kw= ok=1
Cmd: compileSnippet
  api=4 type=0 insize=986 outsize=1274 kw= ok=1
Cmd: compileSnippet
  api=8 type=1 insize=986 outsize=1113 kw= ok=1
Cmd: compileSnippet
  api=4 type=0 insize=1203 outsize=1388 kw= ok=1
Cmd: compileSnippet
  api=4 type=1 insize=1203 outsize=1168 kw= ok=1
Cmd: compileSnippet
  api=4 type=0 insize=1322 outsize=1388 kw= ok=1
Cmd: compileSnippet
  api=4 type=1 insize=1322 outsize=1737 kw= ok=1
Cmd: compileSnippet
  api=4 type=0 insize=1274 outsize=1388 kw= ok=1
Cmd: compileSnippet
  api=8 type=1 insize=1274 outsize=1633 kw= ok=1
Cmd: compileSnippet
  api=8 type=0 insize=1260 outsize=1950 kw= ok=1
Cmd: compileSnippet
  api=4 type=1 insize=1260 outsize=1136 kw= ok=1
Cmd: compileSnippet
  api=8 type=0 insize=1260 outsize=1950 kw= ok=1
Cmd: compileSnippet
  api=8 type=1 insize=1260 outsize=2535 kw= ok=1
Cmd: compileSnippet
  api=4 type=0 insize=1282 outsize=1388 kw= ok=1
Cmd: compileSnippet
  api=8 type=1 insize=1282 outsize=1682 kw= ok=1
Cmd: compileSnippet
  api=4 type=0 insize=1222 outsize=1388 kw= ok=1
Cmd: compileSnippet
  api=8 type=1 insize=1222 outsize=1715 kw= ok=1
Cmd: compileSnippet
  api=8 type=0 insize=1218 outsize=1950 kw= ok=1
Cmd: compileSnippet
  api=4 type=1 insize=1218 outsize=1168 kw= ok=1
Cmd: compileSnippet
  api=4 type=0 insize=1277 outsize=1388 kw= ok=1
Cmd: compileSnippet
  api=4 type=1 insize=1277 outsize=1120 kw= ok=1
Cmd: compileSnippet
  api=8 type=0 insize=1333 outsize=1950 kw= ok=1
Cmd: compileSnippet
  api=8 type=1 insize=1333 outsize=1633 kw= ok=1
Cmd: compileSnippet
  api=4 type=0 insize=942 outsize=1193 kw= ok=1
Cmd: compileSnippet
  api=4 type=1 insize=942 outsize=754 kw= ok=1
Cmd: compileSnippet
  api=8 type=0 insize=1051 outsize=1690 kw= ok=1
Cmd: compileSnippet
  api=8 type=1 insize=1051 outsize=2015 kw= ok=1
Cmd: compileSnippet
  api=4 type=0 insize=1041 outsize=1274 kw= ok=1
Cmd: compileSnippet
  api=4 type=1 insize=1041 outsize=990 kw= ok=1
Unhandled exception: Readfile from pipe failed. GLE=파이프가 끝났습니다.


Quitting shader compiler process
